android/app/build/outputs/mapping/release/mapping.txt
# compiler: R8
# compiler_version: 1.4.77
# min_api: 16
com.seadic.MainActivity -> com.seadic.MainActivity:
    com.facebook.react.ReactActivityDelegate createReactActivityDelegate() -> m
    java.lang.String getMainComponentName() -> n
com.seadic.MainActivity$1 -> com.seadic.a:
    com.seadic.MainActivity this$0 -> g
    com.facebook.react.ReactRootView createRootView() -> a
com.seadic.MainApplication -> com.seadic.MainApplication:
    com.facebook.react.ReactNativeHost mReactNativeHost -> a
    com.facebook.react.ReactNativeHost getReactNativeHost() -> a
com.seadic.MainApplication$1 -> com.seadic.b:
    com.seadic.MainApplication this$0 -> c
    java.lang.String getJSMainModuleName() -> e
    java.util.List getPackages() -> g
    boolean getUseDeveloperSupport() -> k
...
com.facebook.imagepipeline.producers.SwallowResultProducer$1 -> c.a.i.n.xa:
    com.facebook.imagepipeline.producers.SwallowResultProducer this$0 -> c
    void onNewResultImpl(java.lang.Object,int) -> b
com.facebook.imagepipeline.producers.ThreadHandoffProducer -> c.a.i.n.Ba:
    com.facebook.imagepipeline.producers.ThreadHandoffProducerQueue mThreadHandoffProducerQueue -> b
    com.facebook.imagepipeline.producers.Producer mInputProducer -> a
    com.facebook.imagepipeline.producers.Producer access$000(com.facebook.imagepipeline.producers.ThreadHandoffProducer) -> a
    void produceResults(com.facebook.imagepipeline.producers.Consumer,com.facebook.imagepipeline.producers.ProducerContext) -> a
    com.facebook.imagepipeline.producers.ThreadHandoffProducerQueue access$100(com.facebook.imagepipeline.producers.ThreadHandoffProducer) -> b
com.facebook.imagepipeline.producers.ThreadHandoffProducer$1 -> c.a.i.n.za:
    java.lang.String val$requestId -> g
    com.facebook.imagepipeline.producers.ThreadHandoffProducer this$0 -> j
    com.facebook.imagepipeline.producers.ProducerListener val$producerListener -> f
    com.facebook.imagepipeline.producers.Consumer val$consumer -> h
    com.facebook.imagepipeline.producers.ProducerContext val$context -> i
    void disposeResult(java.lang.Object) -> a
    java.lang.Object getResult() -> b
    void onSuccess(java.lang.Object) -> b
com.facebook.imagepipeline.producers.ThreadHandoffProducer$2 -> c.a.i.n.Aa:
    com.facebook.imagepipeline.producers.ThreadHandoffProducer this$0 -> b
    com.facebook.imagepipeline.producers.StatefulProducerRunnable val$statefulRunnable -> a
    void onCancellationRequested() -> a
com.facebook.imagepipeline.producers.ThreadHandoffProducerQueue -> c.a.i.n.Ca:
    java.util.Deque mRunnableList -> b
    java.util.concurrent.Executor mExecutor -> c
    boolean mQueueing -> a
    void addToQueueOrExecute(java.lang.Runnable) -> a
    void remove(java.lang.Runnable) -> b
com.facebook.imagepipeline.producers.ThrottlingProducer -> c.a.i.n.Fa:
    java.util.concurrent.ConcurrentLinkedQueue mPendingRequests -> d
    com.facebook.imagepipeline.producers.Producer mInputProducer -> a
    java.util.concurrent.Executor mExecutor -> e
    int mMaxSimultaneousRequests -> b
    int mNumCurrentRequests -> c
    java.util.concurrent.ConcurrentLinkedQueue access$100(com.facebook.imagepipeline.producers.ThrottlingProducer) -> a
    void produceResults(com.facebook.imagepipeline.producers.Consumer,com.facebook.imagepipeline.producers.ProducerContext) -> a
    int access$210(com.facebook.imagepipeline.producers.ThrottlingProducer) -> b
    void produceResultsInternal(com.facebook.imagepipeline.producers.Consumer,com.facebook.imagepipeline.producers.ProducerContext) -> b
    java.util.concurrent.Executor access$300(com.facebook.imagepipeline.producers.ThrottlingProducer) -> c
com.facebook.imagepipeline.producers.ThrottlingProducer$1 -> c.a.i.n.Da:
com.facebook.imagepipeline.producers.ThrottlingProducer$ThrottlerConsumer -> c.a.i.n.Fa$a:
    com.facebook.imagepipeline.producers.ThrottlingProducer this$0 -> c
    void onCancellationImpl() -> b
    void onFailureImpl(java.lang.Throwable) -> b
    void onNewResultImpl(java.lang.Object,int) -> b
    void onRequestFinished() -> d
com.facebook.imagepipeline.producers.ThrottlingProducer$ThrottlerConsumer$1 -> c.a.i.n.Ea:
    android.util.Pair val$nextRequestPair -> a
    com.facebook.imagepipeline.producers.ThrottlingProducer$ThrottlerConsumer this$1 -> b